0 info it worked if it ends with ok
1 verbose cli [ 'node', '/usr/local/bin/npm', 'link' ]
2 info using npm@1.1.66
3 info using node@v0.8.15
4 verbose linkPkg /Users/juan_mini/git/consilience-test
5 verbose read json /Users/juan_mini/git/consilience-test/package.json
6 error Error: EACCES, unlink '/usr/local/lib/node_modules/consilience-test'
6 error  { [Error: EACCES, unlink '/usr/local/lib/node_modules/consilience-test']
6 error   errno: 3,
6 error   code: 'EACCES',
6 error   path: '/usr/local/lib/node_modules/consilience-test' }
7 error Please try running this command again as root/Administrator.
8 error System Darwin 11.4.2
9 error command "node" "/usr/local/bin/npm" "link"
10 error cwd /Users/juan_mini/git/consilience-test
11 error node -v v0.8.15
12 error npm -v 1.1.66
13 error path /usr/local/lib/node_modules/consilience-test
14 error code EACCES
15 error errno 3
16 error stack Error: EACCES, unlink '/usr/local/lib/node_modules/consilience-test'
17 verbose exit [ 3, true ]
